Arguments: 
  /usr/local/bin/node /usr/local/Cellar/yarn/1.13.0/libexec/bin/yarn.js install

PATH: 
  /Library/Frameworks/Python.framework/Versions/3.6/bin:/usr/local/bin:/usr/bin:/bin:/usr/sbin:/sbin:/usr/local/share/dotnet:~/.dotnet/tools:/Library/Frameworks/Mono.framework/Versions/Current/Commands

Yarn version: 
  1.13.0

Node version: 
  10.15.1

Platform: 
  darwin x64

Trace: 
  Error: EACCES: permission denied, mkdir '/Users/boss/Desktop/fitness-application/node_modules/@pm2/io/node_modules/ms'

npm manifest: 
  {
    "name": "fitness-application",
    "version": "1.0.0",
    "description": "Fitness App",
    "main": "server.js",
    "scripts": {
      "client-install": "npm install --prefix client",
      "start": "node server.js",
      "server": "nodemon server.js",
      "client": "npm start --prefix client",
      "dev": "concurrently \"npm run server\" \"npm run client\""
    },
    "author": "Jimmy Borzillieri and Abasiama Akpan",
    "license": "MIT",
    "dependencies": {
      "axios": "^0.18.0",
      "bcryptjs": "^2.4.3",
      "body-parser": "^1.18.3",
      "classnames": "^2.2.6",
      "concurrently": "^4.1.0",
      "custom-env": "^1.0.0",
      "express": "^4.16.4",
      "is-empty": "^1.2.0",
      "jsonwebtoken": "^8.5.0",
      "jwt-decode": "^2.2.0",
      "mongoose": "^5.4.14",
      "passport": "^0.4.0",
      "passport-jwt": "^4.0.0",
      "pm2": "^3.3.1",
      "react-bootstrap": "^0.32.4",
      "react-redux": "^6.0.1",
      "react-router-dom": "^4.4.0-beta.6",
      "redux": "^4.0.1",
      "redux-thunk": "^2.3.0",
      "validator": "^10.11.0"
    },
    "devDependencies": {
      "nodemon": "^1.18.10"
    }
  }

yarn manifest: 
  No manifest

Lockfile: 
  No lockfile
